\BOOKMARK [0][-]{chapter.1}{\376\377\000A\000b\000o\000u\000t}{}% 1
\BOOKMARK [1][-]{section.1.1}{\376\377\000D\000e\000s\000c\000r\000i\000b\000i\000n\000g}{chapter.1}% 2
\BOOKMARK [1][-]{section.1.2}{\376\377\000R\000e\000q\000u\000i\000r\000e\000m\000e\000n\000t\000s}{chapter.1}% 3
\BOOKMARK [1][-]{section.1.3}{\376\377\000P\000i\000n\000O\000u\000t}{chapter.1}% 4
\BOOKMARK [0][-]{chapter.2}{\376\377\000C\000H\0005\0005\000x\000\040\000w\000i\000t\000h\000\040\000S\000D\000C\000C\000\040\000a\000n\000d\000\040\000U\000b\000u\000n\000t\000u\000\040\0002\0003\000.\0001\0000}{}% 5
\BOOKMARK [1][-]{section.2.1}{\376\377\000U\000b\000u\000n\000t\000u\000\040\0002\0003\000.\0001\0000\000\040\000I\000n\000s\000t\000a\000l\000l\000e\000r\000\040\000E\000n\000v\000i\000r\000o\000n\000m\000e\000n\000t}{chapter.2}% 6
\BOOKMARK [1][-]{section.2.2}{\376\377\000I\000n\000s\000t\000a\000l\000l\000\040\000p\000y\000u\000s\000b}{chapter.2}% 7
\BOOKMARK [1][-]{section.2.3}{\376\377\000E\000r\000r\000o\000r\000\040\000w\000i\000t\000h\000\040\000p\000i\000p}{chapter.2}% 8
\BOOKMARK [0][-]{chapter.3}{\376\377\000C\000H\0005\0005\000x\000\040\000w\000i\000t\000h\000\040\000S\000D\000C\000C\000\040\000a\000n\000d\000\040\000W\000i\000n\000d\000o\000w\000s}{}% 9
\BOOKMARK [1][-]{section.3.1}{\376\377\000C\000o\000m\000p\000i\000l\000e\000r\000\040\000I\000n\000s\000t\000a\000l\000l\000a\000t\000i\000o\000n}{chapter.3}% 10
\BOOKMARK [1][-]{section.3.2}{\376\377\000C\000o\000n\000f\000i\000g\000u\000r\000i\000n\000g\000\040\000M\000A\000K\000E}{chapter.3}% 11
\BOOKMARK [1][-]{section.3.3}{\376\377\000I\000n\000s\000t\000a\000l\000l\000\040\000p\000y\000u\000s\000b}{chapter.3}% 12
\BOOKMARK [1][-]{section.3.4}{\376\377\000U\000p\000d\000a\000t\000e\000\040\000d\000r\000i\000v\000e\000r}{chapter.3}% 13
\BOOKMARK [0][-]{chapter.4}{\376\377\000C\000o\000m\000p\000i\000l\000e\000\040\000a\000n\000d\000\040\000F\000l\000a\000s\000h\000\040\000C\000H\0005\0005\000x\000\040\000w\000i\000t\000h\000\040\000S\000D\000C\000C}{}% 14
\BOOKMARK [1][-]{section.4.1}{\376\377\000R\000u\000n\000n\000i\000n\000g\000\040\000a\000\040\000P\000r\000o\000g\000r\000a\000m}{chapter.4}% 15
\BOOKMARK [1][-]{section.4.2}{\376\377\000F\000l\000a\000s\000h\000i\000n\000g\000\040\000t\000h\000e\000\040\000P\000r\000o\000g\000r\000a\000m}{chapter.4}% 16
\BOOKMARK [0][-]{chapter.5}{\376\377\000G\000e\000n\000e\000r\000a\000l\000\040\000B\000o\000a\000r\000d\000\040\000C\000o\000n\000t\000r\000o\000l}{}% 17
\BOOKMARK [1][-]{section.5.1}{\376\377\000R\000e\000c\000o\000m\000m\000e\000n\000d\000e\000d\000\040\000O\000p\000e\000r\000a\000t\000i\000n\000g\000\040\000C\000o\000n\000d\000i\000t\000i\000o\000n\000s}{chapter.5}% 18
\BOOKMARK [1][-]{section.5.2}{\376\377\000O\000p\000e\000r\000a\000t\000i\000n\000g\000\040\000M\000o\000d\000e}{chapter.5}% 19
\BOOKMARK [2][-]{subsection.5.2.1}{\376\377\000V\000o\000l\000t\000a\000g\000e\000\040\000S\000e\000l\000e\000c\000t\000o\000r}{section.5.2}% 20
\BOOKMARK [2][-]{subsection.5.2.2}{\376\377\000J\000S\000T\000\040\000C\000o\000n\000n\000e\000c\000t\000o\000r\000s}{section.5.2}% 21
\BOOKMARK [2][-]{subsection.5.2.3}{\376\377\000B\000u\000i\000l\000t\000-\000I\000n\000\040\000L\000E\000D\000s}{section.5.2}% 22
\BOOKMARK [0][-]{chapter.6}{\376\377\000A\000n\000a\000l\000o\000g\000\040\000t\000o\000\040\000D\000i\000g\000i\000t\000a\000l\000\040\000C\000o\000n\000v\000e\000r\000t\000e\000r\000\040\000\050\000A\000D\000C\000\051}{}% 23
\BOOKMARK [0][-]{chapter.7}{\376\377\000P\000W\000M\000\040\000\050\000P\000u\000l\000s\000e\000\040\000W\000i\000d\000t\000h\000\040\000M\000o\000d\000u\000l\000a\000t\000i\000o\000n\000\051}{}% 24
\BOOKMARK [0][-]{chapter.8}{\376\377\000I\0002\000C\000\040\000\050\000I\000n\000t\000e\000r\000-\000I\000n\000t\000e\000g\000r\000a\000t\000e\000d\000\040\000C\000i\000r\000c\000u\000i\000t\000\051}{}% 25
\BOOKMARK [1][-]{section.8.1}{\376\377\000O\000L\000E\000D\000\040\000D\000i\000s\000p\000l\000a\000y\000\040\000S\000D\0001\0003\0000\0006}{chapter.8}% 26
